<?xml version="1.0" encoding="UTF-8"?>
<testng-results skipped="0" failed="0" ignored="0" total="3" passed="3">
  <reporter-output>
  </reporter-output>
  <suite name="Suite" duration-ms="109985" started-at="2020-06-30T10:36:42Z" finished-at="2020-06-30T10:38:32Z">
    <groups>
      <group name="regression">
        <method signature="AlertsTypes.handlingDifferentAlerts()[pri:0, instance:com.herokuapp.theinternet.Elements.AlertsTypes@7fc229ab]" name="handlingDifferentAlerts" class="com.herokuapp.theinternet.Elements.AlertsTypes"/>
        <method signature="CheckBoxClick.clickCheckBox()[pri:1, instance:com.herokuapp.theinternet.Elements.CheckBoxClick@4fe767f3]" name="clickCheckBox" class="com.herokuapp.theinternet.Elements.CheckBoxClick"/>
      </group> <!-- regression -->
      <group name="smoke">
        <method signature="CheckBoxClick.clickCheckBox()[pri:1, instance:com.herokuapp.theinternet.Elements.CheckBoxClick@4fe767f3]" name="clickCheckBox" class="com.herokuapp.theinternet.Elements.CheckBoxClick"/>
        <method signature="DropDownSelect.SelectdropDown()[pri:0, instance:com.herokuapp.theinternet.Elements.DropDownSelect@37918c79]" name="SelectdropDown" class="com.herokuapp.theinternet.Elements.DropDownSelect"/>
      </group> <!-- smoke -->
    </groups>
    <test name="AlertsTypesTest" duration-ms="57258" started-at="2020-06-30T10:36:42Z" finished-at="2020-06-30T10:37:40Z">
      <class name="com.herokuapp.theinternet.Elements.AlertsTypes">
        <test-method status="PASS" signature="sys()[pri:0, instance:com.herokuapp.theinternet.Elements.AlertsTypes@7fc229ab]" name="sys" is-config="true" duration-ms="10" started-at="2020-06-30T10:36:42Z" finished-at="2020-06-30T10:36:42Z">
          <reporter-output>
          </reporter-output>
        </test-method> <!-- sys -->
        <test-method status="PASS" signature="A(org.testng.ITestContext)[pri:0, instance:com.herokuapp.theinternet.Elements.AlertsTypes@7fc229ab]" name="A" is-config="true" duration-ms="3" started-at="2020-06-30T10:36:42Z" finished-at="2020-06-30T10:36:42Z">
          <params>
            <param index="0">
              <value>
                <![CDATA[org.testng.TestRunner@2c95ac9e]]>
              </value>
            </param>
          </params>
          <reporter-output>
          </reporter-output>
        </test-method> <!-- A -->
        <test-method status="PASS" signature="setUp(java.lang.String, java.lang.String, org.testng.ITestContext)[pri:0, instance:com.herokuapp.theinternet.Elements.AlertsTypes@7fc229ab]" name="setUp" is-config="true" duration-ms="7340" started-at="2020-06-30T10:36:42Z" finished-at="2020-06-30T10:36:50Z">
          <params>
            <param index="0">
              <value>
                <![CDATA[chrome]]>
              </value>
            </param>
            <param index="1">
              <value>
                <![CDATA[http://192.168.0.101:4444/wd/hub]]>
              </value>
            </param>
            <param index="2">
              <value>
                <![CDATA[org.testng.TestRunner@2c95ac9e]]>
              </value>
            </param>
          </params>
          <reporter-output>
          </reporter-output>
        </test-method> <!-- setUp -->
        <test-method status="PASS" signature="handlingDifferentAlerts()[pri:0, instance:com.herokuapp.theinternet.Elements.AlertsTypes@7fc229ab]" name="handlingDifferentAlerts" duration-ms="49162" started-at="2020-06-30T10:36:50Z" finished-at="2020-06-30T10:37:39Z">
          <reporter-output>
          </reporter-output>
        </test-method> <!-- handlingDifferentAlerts -->
        <test-method status="PASS" signature="tearDown()[pri:0, instance:com.herokuapp.theinternet.Elements.AlertsTypes@7fc229ab]" name="tearDown" is-config="true" duration-ms="722" started-at="2020-06-30T10:37:39Z" finished-at="2020-06-30T10:37:40Z">
          <reporter-output>
          </reporter-output>
        </test-method> <!-- tearDown -->
      </class> <!-- com.herokuapp.theinternet.Elements.AlertsTypes -->
    </test> <!-- AlertsTypesTest -->
    <test name="CheckBoxTest" duration-ms="34723" started-at="2020-06-30T10:37:40Z" finished-at="2020-06-30T10:38:14Z">
      <class name="com.herokuapp.theinternet.Elements.CheckBoxClick">
        <test-method status="PASS" signature="sys()[pri:0, instance:com.herokuapp.theinternet.Elements.CheckBoxClick@4fe767f3]" name="sys" is-config="true" duration-ms="0" started-at="2020-06-30T10:37:40Z" finished-at="2020-06-30T10:37:40Z">
          <reporter-output>
          </reporter-output>
        </test-method> <!-- sys -->
        <test-method status="PASS" signature="A(org.testng.ITestContext)[pri:0, instance:com.herokuapp.theinternet.Elements.CheckBoxClick@4fe767f3]" name="A" is-config="true" duration-ms="0" started-at="2020-06-30T10:37:40Z" finished-at="2020-06-30T10:37:40Z">
          <params>
            <param index="0">
              <value>
                <![CDATA[org.testng.TestRunner@4e4efc1b]]>
              </value>
            </param>
          </params>
          <reporter-output>
          </reporter-output>
        </test-method> <!-- A -->
        <test-method status="PASS" signature="setUp(java.lang.String, java.lang.String, org.testng.ITestContext)[pri:0, instance:com.herokuapp.theinternet.Elements.CheckBoxClick@4fe767f3]" name="setUp" is-config="true" duration-ms="3010" started-at="2020-06-30T10:37:40Z" finished-at="2020-06-30T10:37:43Z">
          <params>
            <param index="0">
              <value>
                <![CDATA[chrome]]>
              </value>
            </param>
            <param index="1">
              <value>
                <![CDATA[http://192.168.0.101:4444/wd/hub]]>
              </value>
            </param>
            <param index="2">
              <value>
                <![CDATA[org.testng.TestRunner@4e4efc1b]]>
              </value>
            </param>
          </params>
          <reporter-output>
          </reporter-output>
        </test-method> <!-- setUp -->
        <test-method status="PASS" signature="clickCheckBox()[pri:1, instance:com.herokuapp.theinternet.Elements.CheckBoxClick@4fe767f3]" name="clickCheckBox" duration-ms="30994" started-at="2020-06-30T10:37:43Z" finished-at="2020-06-30T10:38:14Z">
          <reporter-output>
          </reporter-output>
        </test-method> <!-- clickCheckBox -->
        <test-method status="PASS" signature="tearDown()[pri:0, instance:com.herokuapp.theinternet.Elements.CheckBoxClick@4fe767f3]" name="tearDown" is-config="true" duration-ms="713" started-at="2020-06-30T10:38:14Z" finished-at="2020-06-30T10:38:14Z">
          <reporter-output>
          </reporter-output>
        </test-method> <!-- tearDown -->
      </class> <!-- com.herokuapp.theinternet.Elements.CheckBoxClick -->
    </test> <!-- CheckBoxTest -->
    <test name="DropDownTest" duration-ms="17944" started-at="2020-06-30T10:38:14Z" finished-at="2020-06-30T10:38:32Z">
      <class name="com.herokuapp.theinternet.Elements.DropDownSelect">
        <test-method status="PASS" signature="sys()[pri:0, instance:com.herokuapp.theinternet.Elements.DropDownSelect@37918c79]" name="sys" is-config="true" duration-ms="3" started-at="2020-06-30T10:38:14Z" finished-at="2020-06-30T10:38:14Z">
          <reporter-output>
          </reporter-output>
        </test-method> <!-- sys -->
        <test-method status="PASS" signature="A(org.testng.ITestContext)[pri:0, instance:com.herokuapp.theinternet.Elements.DropDownSelect@37918c79]" name="A" is-config="true" duration-ms="2" started-at="2020-06-30T10:38:14Z" finished-at="2020-06-30T10:38:14Z">
          <params>
            <param index="0">
              <value>
                <![CDATA[org.testng.TestRunner@459f7aa3]]>
              </value>
            </param>
          </params>
          <reporter-output>
          </reporter-output>
        </test-method> <!-- A -->
        <test-method status="PASS" signature="setUp(java.lang.String, java.lang.String, org.testng.ITestContext)[pri:0, instance:com.herokuapp.theinternet.Elements.DropDownSelect@37918c79]" name="setUp" is-config="true" duration-ms="3090" started-at="2020-06-30T10:38:14Z" finished-at="2020-06-30T10:38:17Z">
          <params>
            <param index="0">
              <value>
                <![CDATA[chrome]]>
              </value>
            </param>
            <param index="1">
              <value>
                <![CDATA[http://192.168.0.101:4444/wd/hub]]>
              </value>
            </param>
            <param index="2">
              <value>
                <![CDATA[org.testng.TestRunner@459f7aa3]]>
              </value>
            </param>
          </params>
          <reporter-output>
          </reporter-output>
        </test-method> <!-- setUp -->
        <test-method status="PASS" signature="SelectdropDown()[pri:0, instance:com.herokuapp.theinternet.Elements.DropDownSelect@37918c79]" name="SelectdropDown" duration-ms="14185" started-at="2020-06-30T10:38:17Z" finished-at="2020-06-30T10:38:32Z">
          <reporter-output>
          </reporter-output>
        </test-method> <!-- SelectdropDown -->
        <test-method status="PASS" signature="tearDown()[pri:0, instance:com.herokuapp.theinternet.Elements.DropDownSelect@37918c79]" name="tearDown" is-config="true" duration-ms="659" started-at="2020-06-30T10:38:32Z" finished-at="2020-06-30T10:38:32Z">
          <reporter-output>
          </reporter-output>
        </test-method> <!-- tearDown -->
      </class> <!-- com.herokuapp.theinternet.Elements.DropDownSelect -->
    </test> <!-- DropDownTest -->
  </suite> <!-- Suite -->
</testng-results>
